{"tag": "function", "depth": 1, "time": 1758477832.6139135, "data": {"name": "serial_send", "call_args": {"command": "aaaaa"}, "start_time": 1758477832.6139135, "ret": null, "end_time": 1758477832.6139135, "log": "\u4e32\u53e3\u672a\u6253\u5f00\uff0c\u8df3\u8fc7\u53d1\u9001\uff1aaaaaa"}}
{"tag": "function", "depth": 1, "time": 1758477834.7718756, "data": {"name": "get", "call_args": {"address": "http://192.168.1.1"}, "start_time": 1758477832.6139135, "ret": null, "end_time": 1758477834.7718756}}
{"tag": "function", "depth": 1, "time": 1758477834.7718756, "data": {"name": "serial_login", "call_args": {"password": "79d05758", "username": "root", "timeout": 10}, "start_time": 1758477834.7718756, "ret": false, "end_time": 1758477834.7718756}}
{"tag": "function", "depth": 1, "time": 1758477834.7718756, "data": {"name": "serial_send", "call_args": {"command": "ifconfig"}, "start_time": 1758477834.7718756, "ret": null, "end_time": 1758477834.7718756, "log": "\u4e32\u53e3\u672a\u6253\u5f00\uff0c\u8df3\u8fc7\u53d1\u9001\uff1aifconfig"}}
{"tag": "function", "depth": 1, "time": 1758477835.7722416, "data": {"name": "sleep", "call_args": {"secs": 1}, "start_time": 1758477834.7718756, "ret": null, "end_time": 1758477835.7722416}}
{"tag": "function", "depth": 1, "time": 1758477835.7722416, "data": {"name": "serial_find", "call_args": {"pattern": "192\\.168\\.1\\.1", "lines": null, "duration": null}, "start_time": 1758477835.7722416, "ret": null, "end_time": 1758477835.7722416}}
{"tag": "function", "depth": 1, "time": 1758477835.7722416, "data": {"name": "serial_get", "call_args": {"lines": 50, "duration": null}, "start_time": 1758477835.7722416, "ret": [], "end_time": 1758477835.7722416}}
{"tag": "function", "depth": 1, "time": 1758477835.7722416, "data": {"name": "wifi_disconnect", "call_args": {}, "start_time": 1758477835.7722416, "ret": true, "end_time": 1758477835.7722416, "log": "\u5df2\u6210\u529f\u65ad\u5f00\u65e0\u7ebf"}}
{"tag": "function", "depth": 1, "time": 1758477838.3123178, "data": {"name": "wifi_connect", "call_args": {"ssid": "Redmi_9C67", "password": "1169302692"}, "start_time": 1758477835.7722416, "ret": true, "end_time": 1758477838.3123178, "log": "\u5df2\u8fde\u63a5\u4e0a\u65e0\u7ebf:Redmi_9C67"}}
{"tag": "function", "depth": 2, "time": 1758477838.4393132, "data": {"name": "_gen_screen_log", "call_args": {"filename": null, "element": null}, "start_time": 1758477838.3123178, "ret": {"screen": "C:\\Users\\Administrator\\Desktop\\AirtestMulti\\Airtest-Runner\\result\\log\\test1-1.air\\web_device\\1758477838.png"}, "end_time": 1758477838.4393132}}
{"tag": "function", "depth": 1, "time": 1758477838.4393132, "data": {"name": "snapshot", "call_args": {"filename": null}, "start_time": 1758477838.3123178, "ret": {"screen": "C:\\Users\\Administrator\\Desktop\\AirtestMulti\\Airtest-Runner\\result\\log\\test1-1.air\\web_device\\1758477838.png"}, "end_time": 1758477838.4393132}}
{"tag": "function", "depth": 2, "time": 1758477838.4531083, "data": {"name": "try_log_screen", "call_args": {"screen": "array([[[36, 33, 32],\n        [36, 33, 32],\n        [36, 33, 32],\n        ...,\n        [36, 33, 32],\n        [36, 33, 32],\n        [36, 33, 32]],\n\n       [[36, 33, 32],\n        [36, 33, 32],\n        [36, 33, 32],\n        ...,\n        [36, 33, 32],\n        [36, 33, 32],\n        [36, 33, 32]],\n\n       [[36, 33, 32],\n        [36, 33, 32],\n        [36, 33, 32],\n        ...,\n        [36, 33, 32],\n        [36, 33, 32],\n        [36, 33, 32]],\n\n       ...,\n\n       [[36, 33, 32],\n        [36, 33, 32],\n        [36, 33, 32],\n        ...,\n        [36, 33, 32],\n        [36, 33, 32],\n        [36, 33, 32]],\n\n       [[36, 33, 32],\n        [36, 33, 32],\n        [36, 33, 32],\n        ...,\n        [36, 33, 32],\n        [36, 33, 32],\n        [36, 33, 32]],\n\n       [[36, 33, 32],\n        [36, 33, 32],\n        [36, 33, 32],\n        ...,\n        [36, 33, 32],\n        [36, 33, 32],\n        [36, 33, 32]]], dtype=uint8)", "filename": "C:\\Users\\Administrator\\Desktop\\AirtestMulti\\Airtest-Runner\\result\\log\\test1-1.air\\web_device\\1758477838.png"}, "start_time": 1758477838.4531083, "ret": {"screen": "C:\\Users\\Administrator\\Desktop\\AirtestMulti\\Airtest-Runner\\result\\log\\test1-1.air\\web_device\\1758477838.png", "resolution": [1249, 1243]}, "end_time": 1758477838.4531083}}
{"tag": "function", "depth": 1, "time": 1758477838.4531083, "data": {"name": "assert_custom", "call_args": {"param": true, "log_msg": [], "snap": {"screen": "C:\\Users\\Administrator\\Desktop\\AirtestMulti\\Airtest-Runner\\result\\log\\test1-1.air\\web_device\\1758477838.png"}, "msg": " "}, "start_time": 1758477838.4393132, "ret": null, "end_time": 1758477838.4531083}}
{"tag": "function", "depth": 1, "time": 1758477838.4531083, "data": {"name": "serial_send", "call_args": {"command": "rebowot"}, "start_time": 1758477838.4531083, "ret": null, "end_time": 1758477838.4531083, "log": "\u4e32\u53e3\u672a\u6253\u5f00\uff0c\u8df3\u8fc7\u53d1\u9001\uff1arebowot"}}
{"tag": "function", "depth": 1, "time": 1758477838.4531083, "data": {"name": "serial_send", "call_args": {"command": "reboot"}, "start_time": 1758477838.4531083, "ret": null, "end_time": 1758477838.4531083, "log": "\u4e32\u53e3\u672a\u6253\u5f00\uff0c\u8df3\u8fc7\u53d1\u9001\uff1areboot"}}
{"tag": "function", "depth": 1, "time": 1758477838.4531083, "data": {"name": "serial_get", "call_args": {"duration": 10, "lines": null}, "start_time": 1758477838.4531083, "ret": [], "end_time": 1758477838.4531083}}
{"tag": "info", "depth": 0, "time": 1758477838.4531083, "data": {"name": "\u4e32\u53e3\u65e5\u5fd7", "traceback": null, "log": "[]"}}
{"tag": "function", "depth": 2, "time": 1758477838.4692137, "data": {"name": "get_ip_address", "call_args": {"interface_name": "WLAN"}, "start_time": 1758477838.4531083, "ret": "192.168.0.113", "end_time": 1758477838.4692137}}
{"tag": "function", "depth": 1, "time": 1758477838.4692137, "data": {"name": "get_ip", "call_args": {"interface_type": null}, "start_time": 1758477838.4531083, "ret": "192.168.0.113", "end_time": 1758477838.4692137, "log": "\u5f53\u524dIP: 192.168.0.113"}}
{"tag": "info", "depth": 0, "time": 1758477838.4692137, "data": {"name": "\u65e0\u7ebfip", "traceback": null, "log": "192.168.0.113"}}
{"tag": "function", "depth": 2, "time": 1758477838.481618, "data": {"name": "get_ip_address", "call_args": {"interface_name": "\u4ee5\u592a\u7f51"}, "start_time": 1758477838.4692137, "ret": "192.168.1.124", "end_time": 1758477838.481618}}
{"tag": "function", "depth": 1, "time": 1758477838.481618, "data": {"name": "get_ip", "call_args": {"interface_type": "wired"}, "start_time": 1758477838.4692137, "ret": "192.168.1.124", "end_time": 1758477838.481618, "log": "\u5f53\u524dIP: 192.168.1.124"}}
{"tag": "info", "depth": 0, "time": 1758477838.481618, "data": {"name": "\u65e0\u7ebfip", "traceback": null, "log": "192.168.1.124"}}
{"tag": "function", "depth": 2, "time": 1758477842.5330052, "data": {"name": "ping", "call_args": {"ip_address": "192.168.1.1", "count": 5, "interface_ip": null}, "start_time": 1758477838.481618, "ret": [true, {"packet_loss": 0.0, "raw_output": "\n\u6b63\u5728 Ping 192.168.1.1 \u5177\u6709 32 \u5b57\u8282\u7684\u6570\u636e:\n\u6765\u81ea 192.168.1.1 \u7684\u56de\u590d: \u5b57\u8282=32 \u65f6\u95f4<1ms TTL=64\n\u6765\u81ea 192.168.1.1 \u7684\u56de\u590d: \u5b57\u8282=32 \u65f6\u95f4<1ms TTL=64\n\u6765\u81ea 192.168.1.1 \u7684\u56de\u590d: \u5b57\u8282=32 \u65f6\u95f4<1ms TTL=64\n\u6765\u81ea 192.168.1.1 \u7684\u56de\u590d: \u5b57\u8282=32 \u65f6\u95f4<1ms TTL=64\n\u6765\u81ea 192.168.1.1 \u7684\u56de\u590d: \u5b57\u8282=32 \u65f6\u95f4<1ms TTL=64\n\n192.168.1.1 \u7684 Ping \u7edf\u8ba1\u4fe1\u606f:\n    \u6570\u636e\u5305: \u5df2\u53d1\u9001 = 5\uff0c\u5df2\u63a5\u6536 = 5\uff0c\u4e22\u5931 = 0 (0% \u4e22\u5931)\uff0c\n\u5f80\u8fd4\u884c\u7a0b\u7684\u4f30\u8ba1\u65f6\u95f4(\u4ee5\u6beb\u79d2\u4e3a\u5355\u4f4d):\n    \u6700\u77ed = 0ms\uff0c\u6700\u957f = 0ms\uff0c\u5e73\u5747 = 0ms\n"}], "end_time": 1758477842.5330052}}
{"tag": "function", "depth": 1, "time": 1758477842.5330052, "data": {"name": "ping", "call_args": {"ip_address": "192.168.1.1", "count": 5}, "start_time": 1758477838.481618, "ret": [true, {"packet_loss": 0.0, "raw_output": "\n\u6b63\u5728 Ping 192.168.1.1 \u5177\u6709 32 \u5b57\u8282\u7684\u6570\u636e:\n\u6765\u81ea 192.168.1.1 \u7684\u56de\u590d: \u5b57\u8282=32 \u65f6\u95f4<1ms TTL=64\n\u6765\u81ea 192.168.1.1 \u7684\u56de\u590d: \u5b57\u8282=32 \u65f6\u95f4<1ms TTL=64\n\u6765\u81ea 192.168.1.1 \u7684\u56de\u590d: \u5b57\u8282=32 \u65f6\u95f4<1ms TTL=64\n\u6765\u81ea 192.168.1.1 \u7684\u56de\u590d: \u5b57\u8282=32 \u65f6\u95f4<1ms TTL=64\n\u6765\u81ea 192.168.1.1 \u7684\u56de\u590d: \u5b57\u8282=32 \u65f6\u95f4<1ms TTL=64\n\n192.168.1.1 \u7684 Ping \u7edf\u8ba1\u4fe1\u606f:\n    \u6570\u636e\u5305: \u5df2\u53d1\u9001 = 5\uff0c\u5df2\u63a5\u6536 = 5\uff0c\u4e22\u5931 = 0 (0% \u4e22\u5931)\uff0c\n\u5f80\u8fd4\u884c\u7a0b\u7684\u4f30\u8ba1\u65f6\u95f4(\u4ee5\u6beb\u79d2\u4e3a\u5355\u4f4d):\n    \u6700\u77ed = 0ms\uff0c\u6700\u957f = 0ms\uff0c\u5e73\u5747 = 0ms\n"}], "end_time": 1758477842.5330052}}
{"tag": "function", "depth": 2, "time": 1758477842.6529412, "data": {"name": "_gen_screen_log", "call_args": {"element": null, "filename": null}, "start_time": 1758477842.5330052, "ret": {"screen": "C:\\Users\\Administrator\\Desktop\\AirtestMulti\\Airtest-Runner\\result\\log\\test1-1.air\\web_device\\1758477842.png"}, "end_time": 1758477842.6529412}}
{"tag": "function", "depth": 1, "time": 1758477842.6529412, "data": {"name": "assert_custom", "call_args": {"param": true, "log_msg": {"packet_loss": 0.0, "raw_output": "\n\u6b63\u5728 Ping 192.168.1.1 \u5177\u6709 32 \u5b57\u8282\u7684\u6570\u636e:\n\u6765\u81ea 192.168.1.1 \u7684\u56de\u590d: \u5b57\u8282=32 \u65f6\u95f4<1ms TTL=64\n\u6765\u81ea 192.168.1.1 \u7684\u56de\u590d: \u5b57\u8282=32 \u65f6\u95f4<1ms TTL=64\n\u6765\u81ea 192.168.1.1 \u7684\u56de\u590d: \u5b57\u8282=32 \u65f6\u95f4<1ms TTL=64\n\u6765\u81ea 192.168.1.1 \u7684\u56de\u590d: \u5b57\u8282=32 \u65f6\u95f4<1ms TTL=64\n\u6765\u81ea 192.168.1.1 \u7684\u56de\u590d: \u5b57\u8282=32 \u65f6\u95f4<1ms TTL=64\n\n192.168.1.1 \u7684 Ping \u7edf\u8ba1\u4fe1\u606f:\n    \u6570\u636e\u5305: \u5df2\u53d1\u9001 = 5\uff0c\u5df2\u63a5\u6536 = 5\uff0c\u4e22\u5931 = 0 (0% \u4e22\u5931)\uff0c\n\u5f80\u8fd4\u884c\u7a0b\u7684\u4f30\u8ba1\u65f6\u95f4(\u4ee5\u6beb\u79d2\u4e3a\u5355\u4f4d):\n    \u6700\u77ed = 0ms\uff0c\u6700\u957f = 0ms\uff0c\u5e73\u5747 = 0ms\n"}, "snap": true, "msg": "ping\u7ed3\u679c"}, "start_time": 1758477842.5330052, "ret": null, "end_time": 1758477842.6529412}}
{"tag": "function", "depth": 1, "time": 1758477862.7092595, "data": {"name": "find_element_by_xpath", "call_args": {"xpath": "//input[@aria-required='true']"}, "start_time": 1758477842.6529412, "traceback": "Traceback (most recent call last):\n  File \"C:\\Program Files\\Python39\\lib\\site-packages\\tp_airtest_selenium\\proxy.py\", line 106, in loop_find_element\n    element = func(by, text)\n  File \"C:\\Program Files\\Python39\\lib\\site-packages\\selenium\\webdriver\\remote\\webdriver.py\", line 926, in find_element\n    return self.execute(Command.FIND_ELEMENT, {\"using\": by, \"value\": value})[\"value\"]\n  File \"C:\\Program Files\\Python39\\lib\\site-packages\\selenium\\webdriver\\remote\\webdriver.py\", line 458, in execute\n    self.error_handler.check_response(response)\n  File \"C:\\Program Files\\Python39\\lib\\site-packages\\selenium\\webdriver\\remote\\errorhandler.py\", line 232, in check_response\n    raise exception_class(message, screen, stacktrace)\nselenium.common.exceptions.NoSuchElementException: Message: no such element: Unable to locate element: {\"method\":\"xpath\",\"selector\":\"//input[@aria-required='true']\"}\n  (Session info: chrome=119.0.6045.200); For documentation on this error, please visit: https://www.selenium.dev/documentation/webdriver/troubleshooting/errors#nosuchelementexception\nStacktrace:\n\tGetHandleVerifier [0x00007FF780EF82B2+55298]\n\t(No symbol) [0x00007FF780E65E02]\n\t(No symbol) [0x00007FF780D205AB]\n\t(No symbol) [0x00007FF780D6175C]\n\t(No symbol) [0x00007FF780D618DC]\n\t(No symbol) [0x00007FF780D9CBC7]\n\t(No symbol) [0x00007FF780D820EF]\n\t(No symbol) [0x00007FF780D9AAA4]\n\t(No symbol) [0x00007FF780D81E83]\n\t(No symbol) [0x00007FF780D5670A]\n\t(No symbol) [0x00007FF780D57964]\n\tGetHandleVerifier [0x00007FF781270AAB+3694587]\n\tGetHandleVerifier [0x00007FF7812C728E+4048862]\n\tGetHandleVerifier [0x00007FF7812BF173+4015811]\n\tGetHandleVerifier [0x00007FF780F947D6+695590]\n\t(No symbol) [0x00007FF780E70CE8]\n\t(No symbol) [0x00007FF780E6CF34]\n\t(No symbol) [0x00007FF780E6D062]\n\t(No symbol) [0x00007FF780E5D3A3]\n\tBaseThreadInitThunk [0x00007FFCD1537374+20]\n\tRtlUserThreadStart [0x00007FFCD25FCC91+33]\n\n\nDuring handling of the above exception, another exception occurred:\n\nTraceback (most recent call last):\n  File \"C:\\Program Files\\Python39\\lib\\site-packages\\tp_airtest_selenium\\__init__.py\", line 31, in wrapper\n    res = f(*args, **kwargs)\n  File \"C:\\Program Files\\Python39\\lib\\site-packages\\tp_airtest_selenium\\proxy.py\", line 228, in find_element_by_xpath\n    web_element = self.loop_find_element(super(WebChrome, self).find_element, xpath, by=By.XPATH)\n  File \"C:\\Program Files\\Python39\\lib\\site-packages\\tp_airtest_selenium\\proxy.py\", line 112, in loop_find_element\n    raise NoSuchElementException(\nselenium.common.exceptions.NoSuchElementException: Message: Element //input[@aria-required='true'] not found in screen; For documentation on this error, please visit: https://www.selenium.dev/documentation/webdriver/troubleshooting/errors#nosuchelementexception\n\n", "end_time": 1758477862.7092595}}
{"tag": "info", "depth": 0, "time": 1758477862.7092595, "data": {"name": "Final Error", "traceback": "Traceback (most recent call last):\n  File \"C:\\Program Files\\Python39\\lib\\site-packages\\tp_airtest_selenium\\proxy.py\", line 106, in loop_find_element\n    element = func(by, text)\n  File \"C:\\Program Files\\Python39\\lib\\site-packages\\selenium\\webdriver\\remote\\webdriver.py\", line 926, in find_element\n    return self.execute(Command.FIND_ELEMENT, {\"using\": by, \"value\": value})[\"value\"]\n  File \"C:\\Program Files\\Python39\\lib\\site-packages\\selenium\\webdriver\\remote\\webdriver.py\", line 458, in execute\n    self.error_handler.check_response(response)\n  File \"C:\\Program Files\\Python39\\lib\\site-packages\\selenium\\webdriver\\remote\\errorhandler.py\", line 232, in check_response\n    raise exception_class(message, screen, stacktrace)\nselenium.common.exceptions.NoSuchElementException: Message: no such element: Unable to locate element: {\"method\":\"xpath\",\"selector\":\"//input[@aria-required='true']\"}\n  (Session info: chrome=119.0.6045.200); For documentation on this error, please visit: https://www.selenium.dev/documentation/webdriver/troubleshooting/errors#nosuchelementexception\nStacktrace:\n\tGetHandleVerifier [0x00007FF780EF82B2+55298]\n\t(No symbol) [0x00007FF780E65E02]\n\t(No symbol) [0x00007FF780D205AB]\n\t(No symbol) [0x00007FF780D6175C]\n\t(No symbol) [0x00007FF780D618DC]\n\t(No symbol) [0x00007FF780D9CBC7]\n\t(No symbol) [0x00007FF780D820EF]\n\t(No symbol) [0x00007FF780D9AAA4]\n\t(No symbol) [0x00007FF780D81E83]\n\t(No symbol) [0x00007FF780D5670A]\n\t(No symbol) [0x00007FF780D57964]\n\tGetHandleVerifier [0x00007FF781270AAB+3694587]\n\tGetHandleVerifier [0x00007FF7812C728E+4048862]\n\tGetHandleVerifier [0x00007FF7812BF173+4015811]\n\tGetHandleVerifier [0x00007FF780F947D6+695590]\n\t(No symbol) [0x00007FF780E70CE8]\n\t(No symbol) [0x00007FF780E6CF34]\n\t(No symbol) [0x00007FF780E6D062]\n\t(No symbol) [0x00007FF780E5D3A3]\n\tBaseThreadInitThunk [0x00007FFCD1537374+20]\n\tRtlUserThreadStart [0x00007FFCD25FCC91+33]\n\n\nDuring handling of the above exception, another exception occurred:\n\nTraceback (most recent call last):\n  File \"C:\\Program Files\\Python39\\lib\\site-packages\\airtest\\cli\\runner.py\", line 72, in runTest\n    exec(compile(code.encode(\"utf-8\"), pyfilepath, 'exec'), self.scope)\n  File \"C:\\Users\\Administrator\\Desktop\\AirtestMulti\\Airtest-Runner\\case\\test1-1.air\\test1-1.py\", line 33, in <module>\n    driver.find_element_by_xpath(\"//input[@aria-required='true']\").send_keys(\"admin123\")\n  File \"C:\\Program Files\\Python39\\lib\\site-packages\\tp_airtest_selenium\\__init__.py\", line 31, in wrapper\n    res = f(*args, **kwargs)\n  File \"C:\\Program Files\\Python39\\lib\\site-packages\\tp_airtest_selenium\\proxy.py\", line 228, in find_element_by_xpath\n    web_element = self.loop_find_element(super(WebChrome, self).find_element, xpath, by=By.XPATH)\n  File \"C:\\Program Files\\Python39\\lib\\site-packages\\tp_airtest_selenium\\proxy.py\", line 112, in loop_find_element\n    raise NoSuchElementException(\nselenium.common.exceptions.NoSuchElementException: Message: Element //input[@aria-required='true'] not found in screen; For documentation on this error, please visit: https://www.selenium.dev/documentation/webdriver/troubleshooting/errors#nosuchelementexception\n\n"}}
